Arguments: 
  /usr/local/bin/node /usr/local/bin/yarn add --dev react-devtools

PATH: 
  /Library/Frameworks/Python.framework/Versions/3.8/bin:/usr/local/bin:/usr/bin:/bin:/usr/sbin:/sbin:/usr/local/share/dotnet:~/.dotnet/tools:/Library/Apple/usr/bin

Yarn version: 
  1.22.11

Node version: 
  14.17.3

Platform: 
  darwin x64

Trace: 
  Error: EACCES: permission denied, unlink '/Users/zahra/Simplon-CDA/simplonVille/node_modules/@expo/config/node_modules/.bin/semver'

npm manifest: 
  {
    "main": "node_modules/expo/AppEntry.js",
    "scripts": {
      "start": "expo start",
      "android": "expo start --android",
      "ios": "expo start --ios",
      "web": "expo start --web",
      "eject": "expo eject"
    },
    "dependencies": {
      "@react-native-community/datetimepicker": "^3.5.2",
      "@react-native-community/hooks": "^2.6.0",
      "@react-native-picker/picker": "1.16.1",
      "@react-navigation/stack": "^6.0.7",
      "@sideway/address": "^4.1.2",
      "emailjs-com": "^3.2.0",
      "expo": "^42.0.4",
      "expo-image-picker": "~10.2.2",
      "expo-location": "~12.1.2",
      "expo-permissions": "~12.1.1",
      "expo-status-bar": "~1.0.4",
      "formik": "^2.2.9",
      "install": "^0.13.0",
      "joi": "^17.4.2",
      "moment": "^2.29.1",
      "react": "^17.0.2",
      "react-dom": "^17.0.2",
      "react-native": "^0.66.0",
      "react-native-dotenv": "^3.2.0",
      "react-native-geocoder": "^0.5.0",
      "react-native-geocoding": "^0.5.0",
      "react-native-maps": "0.28.0",
      "react-native-paper": "^4.9.2",
      "react-native-vector-icons": "^8.1.0",
      "react-native-web": "^0.17.1",
      "react-native-webview": "11.6.2",
      "styled-components": "^5.2.1",
      "yup": "^0.32.9"
    },
    "resolutions": {
      "styled-components": "^5"
    },
    "devDependencies": {
      "@babel/core": "^7.15.8"
    },
    "private": true
  }

yarn manifest: 
  No manifest

Lockfile: 
  
